<?xml version="1.0" encoding="UTF-8"?>
<!-- Generated by org.testng.reporters.JUnitReportReporter -->
<testsuite hostname="Sreelekha" failures="0" tests="2" name="testNGprograms.AnnotationsDemo2" time="0.032" errors="0" timestamp="2023-10-28T21:34:01 IST" skipped="0">
  <testcase classname="testNGprograms.AnnotationsDemo2" name="d" time="0.006"/>
  <testcase classname="testNGprograms.AnnotationsDemo2" name="a" time="0.026"/>
</testsuite> <!-- testNGprograms.AnnotationsDemo2 -->
