<?xml version="1.0" encoding="UTF-8"?>
<!-- Generated by org.testng.reporters.JUnitReportReporter -->
<testsuite hostname="Sreelekha" failures="0" tests="2" name="jri_scenarios.CreateAnAccount_TS01" time="37.516" errors="0" timestamp="2023-10-27T16:49:52 IST" skipped="0">
  <testcase classname="jri_scenarios.CreateAnAccount_TS01" name="tc_002" time="20.242"/>
  <testcase classname="jri_scenarios.CreateAnAccount_TS01" name="tc_001" time="17.274"/>
</testsuite> <!-- jri_scenarios.CreateAnAccount_TS01 -->
