<?xml version="1.0" encoding="UTF-8"?>
<!-- Generated by org.testng.reporters.JUnitReportReporter -->
<testsuite hostname="Sreelekha" failures="0" tests="1" name="testNGprograms.JustRechargeitLogin" time="24.831" errors="0" timestamp="2023-10-30T17:22:43 IST" skipped="0">
  <testcase classname="testNGprograms.JustRechargeitLogin" name="login" time="24.831"/>
</testsuite> <!-- testNGprograms.JustRechargeitLogin -->
