<?xml version="1.0" encoding="UTF-8"?>
<!-- Generated by org.testng.reporters.JUnitReportReporter -->
<testsuite hostname="Sreelekha" failures="0" tests="4" name="testNGprograms.CrossBrowserTesting_JRIlogin" time="91.953" errors="0" timestamp="2023-11-02T16:23:39 IST" skipped="0">
  <testcase classname="testNGprograms.CrossBrowserTesting_JRIlogin" name="login" time="18.736"/>
  <testcase classname="testNGprograms.CrossBrowserTesting_JRIlogin" name="login" time="35.685"/>
  <testcase classname="testNGprograms.CrossBrowserTesting_JRIlogin" name="login" time="32.641"/>
  <testcase classname="testNGprograms.CrossBrowserTesting_JRIlogin" name="login" time="4.891"/>
</testsuite> <!-- testNGprograms.CrossBrowserTesting_JRIlogin -->
