<?xml version="1.0" encoding="UTF-8"?>
<!-- Generated by org.testng.reporters.JUnitReportReporter -->
<testsuite hostname="Sreelekha" failures="0" tests="1" name="testNGprograms.AnnotationsDemo1" time="0.003" errors="0" timestamp="2023-10-28T21:34:01 IST" skipped="0">
  <testcase classname="testNGprograms.AnnotationsDemo1" name="f" time="0.003"/>
</testsuite> <!-- testNGprograms.AnnotationsDemo1 -->
