<?xml version="1.0" encoding="UTF-8"?>
<!-- Generated by org.testng.reporters.JUnitReportReporter -->
<testsuite hostname="Sreelekha" failures="0" tests="2" name="testNGprograms.FirstProgram" time="0.007" errors="0" timestamp="2023-10-28T21:34:01 IST" skipped="0">
  <testcase classname="testNGprograms.FirstProgram" name="g" time="0.003"/>
  <testcase classname="testNGprograms.FirstProgram" name="f" time="0.004"/>
</testsuite> <!-- testNGprograms.FirstProgram -->
