<?xml version="1.0" encoding="UTF-8"?>
<!-- Generated by org.testng.reporters.JUnitReportReporter -->
<testsuite hostname="Sreelekha" failures="0" tests="1" name="testNGprograms.US_megabus" time="42.650" errors="0" timestamp="2023-10-28T21:34:01 IST" skipped="0">
  <testcase classname="testNGprograms.US_megabus" name="f" time="42.650"/>
</testsuite> <!-- testNGprograms.US_megabus -->
